<?xml version="1.0" encoding="UTF-8"?>
<testsuite xmlns:xsi="http://www.w3.org/2001/XMLSchema-instance" xsi:noNamespaceSchemaLocation="https://maven.apache.org/surefire/maven-surefire-plugin/xsd/surefire-test-report.xsd" name="org.example.createorder.OrderCreationAuthorizedUserTest" time="14.819" tests="3" errors="2" skipped="0" failures="0">
  <properties>
[...]
</properties>
  <testcase name="createOrderAuthUserWrongHashTest" classname="org.example.createorder.OrderCreationAuthorizedUserTest" time="11.981">
    <error message="Cannot parse object because no supported Content-Type was specified in response. Content-Type was &apos;text/html; charset=UTF-8&apos;." type="java.lang.IllegalStateException">java.lang.IllegalStateException: Cannot parse object because no supported Content-Type was specified in response. Content-Type was 'text/html; charset=UTF-8'.
	at org.example.createorder.OrderCreationAuthorizedUserTest.createOrderAuthUserWrongHashTest(OrderCreationAuthorizedUserTest.java:40)
</error>
  </testcase>
  <testcase name="createOrderAuthUserTest" classname="org.example.createorder.OrderCreationAuthorizedUserTest" time="0.825">
    <error message="Cannot parse object because no supported Content-Type was specified in response. Content-Type was &apos;text/html; charset=UTF-8&apos;." type="java.lang.IllegalStateException">java.lang.IllegalStateException: Cannot parse object because no supported Content-Type was specified in response. Content-Type was 'text/html; charset=UTF-8'.
	at org.example.createorder.OrderCreationAuthorizedUserTest.createOrderAuthUserTest(OrderCreationAuthorizedUserTest.java:22)
</error>
  </testcase>
  <testcase name="createOrderAuthUserNoIngredientsTest" classname="org.example.createorder.OrderCreationAuthorizedUserTest" time="1.243"/>
</testsuite>